<?xml version="1.0" encoding="UTF-8"?>
<!-- Generated by org.testng.reporters.JUnitReportReporter -->
<testsuite hostname="DESKTOP-L26CMPH" failures="0" tests="1" name="testCases.TC001_AccountRegistrationTest2" time="4.192" errors="0" timestamp="2024-09-16T14:03:39 IST" skipped="0">
  <testcase classname="testCases.TC001_AccountRegistrationTest2" name="verify_account_registration" time="4.192"/>
</testsuite> <!-- testCases.TC001_AccountRegistrationTest2 -->
