<?xml version="1.0" encoding="UTF-8"?>
<!-- Generated by org.testng.reporters.JUnitReportReporter -->
<testsuite hostname="DESKTOP-L26CMPH" failures="0" tests="1" name="utilities.xcelPrint" time="3.144" errors="0" timestamp="2024-09-17T15:10:06 IST" skipped="0">
  <testcase classname="utilities.xcelPrint" name="getData" time="3.144"/>
</testsuite> <!-- utilities.xcelPrint -->
