<?xml version="1.0" encoding="UTF-8"?>
<!-- Generated by org.testng.reporters.JUnitReportReporter -->
<testsuite hostname="DESKTOP-L26CMPH" failures="0" tests="1" name="testCases.TC002_LoginTest" time="4.132" errors="0" timestamp="2024-09-22T16:09:34 IST" skipped="0">
  <testcase classname="testCases.TC002_LoginTest" name="login_logout" time="4.132"/>
</testsuite> <!-- testCases.TC002_LoginTest -->
