<?xml version="1.0" encoding="UTF-8"?>
<!-- Generated by org.testng.reporters.JUnitReportReporter -->
<testsuite hostname="DESKTOP-L26CMPH" failures="0" tests="1" name="testCases.TC002_LoginTest" time="3.903" errors="0" timestamp="2024-09-21T15:59:29 IST" skipped="0">
  <testcase classname="testCases.TC002_LoginTest" name="login_logout" time="3.903"/>
</testsuite> <!-- testCases.TC002_LoginTest -->
